30 messages loaded from file messagesTCH.txt
2 messages loaded from file messagesSTD.txt
0 Asserts Loaded
Process [0] created from program [SystemIdleProcess]
Process [1] created from program [programMEMADD]
User progam list:
	Program [programMEMADD] with arrival time [0]
New Tick (1)
{0D 000 000} IRET 0 0 (PC: 0, Accumulator: 0, PSW: 0002 [--------------Z-])
New Tick (2)
{01 000 000} ADD 0 0 (PC: 1, Accumulator: 0, PSW: 0002 [--------------Z-])
New Tick (3)
{0E 001 021} MEMADD 1 33 (PC: 2, Accumulator: 1, PSW: 0000 [----------------])
New Tick (4)
{08 021 000} WRITE 33 0 (PC: 3, Accumulator: 1, PSW: 0000 [----------------])
New Tick (5)
{0A 803 000} INC -3 0 (PC: 4, Accumulator: -2, PSW: 0004 [-------------N--])
New Tick (6)
{07 002 000} ZJUMP 2 0 (PC: 5, Accumulator: -2, PSW: 0004 [-------------N--])
New Tick (7)
{06 804 000} JUMP -4 0 (PC: 1, Accumulator: -2, PSW: 0004 [-------------N--])
New Tick (8)
{0E 001 021} MEMADD 1 33 (PC: 2, Accumulator: 2, PSW: 0000 [----------------])
New Tick (9)
{08 021 000} WRITE 33 0 (PC: 3, Accumulator: 2, PSW: 0000 [----------------])
New Tick (10)
{0A 803 000} INC -3 0 (PC: 4, Accumulator: -1, PSW: 0004 [-------------N--])
New Tick (11)
{07 002 000} ZJUMP 2 0 (PC: 5, Accumulator: -1, PSW: 0004 [-------------N--])
New Tick (12)
{06 804 000} JUMP -4 0 (PC: 1, Accumulator: -1, PSW: 0004 [-------------N--])
New Tick (13)
{0E 001 021} MEMADD 1 33 (PC: 2, Accumulator: 3, PSW: 0000 [----------------])
New Tick (14)
{08 021 000} WRITE 33 0 (PC: 3, Accumulator: 3, PSW: 0000 [----------------])
New Tick (15)
{0A 803 000} INC -3 0 (PC: 4, Accumulator: 0, PSW: 0002 [--------------Z-])
New Tick (16)
{07 002 000} ZJUMP 2 0 (PC: 6, Accumulator: 0, PSW: 0002 [--------------Z-])
New Tick (17)
{04 003 000} TRAP 3 0 (PC: 7, Accumulator: 0, PSW: 0002 [--------------Z-])
New Tick (18)
{0C 002 000} OS 2 0 (PC: 242, Accumulator: 0, PSW: 0082 [--------X-----Z-])
New Tick (19)
Process [1 - programMEMADD] has requested to terminate
New Tick (20)
{0D 000 000} IRET 0 0 (PC: 3, Accumulator: 0, PSW: 0082 [--------X-----Z-])
New Tick (21)
{04 003 000} TRAP 3 0 (PC: 4, Accumulator: 0, PSW: 0082 [--------X-----Z-])
New Tick (22)
{0C 002 000} OS 2 0 (PC: 242, Accumulator: 0, PSW: 0082 [--------X-----Z-])
New Tick (23)
Process [0 - SystemIdleProcess] has requested to terminate
The system will shut down now...
New Tick (24)
{0D 000 000} IRET 0 0 (PC: 241, Accumulator: 0, PSW: 0082 [--------X-----Z-])
New Tick (25)
{0B 000 000} HALT 0 0 (PC: 241, Accumulator: 0, PSW: 0083 [--------X-----ZS])
END of the simulation
